13:03:23.619 request:
1 > POST https://restful-booker.herokuapp.com/auth
1 > Accept-Encoding: gzip,deflate
1 > Connection: Keep-Alive
1 > Content-Length: 45
1 > Content-Type: application/json; charset=UTF-8
1 > Host: restful-booker.herokuapp.com
1 > User-Agent: Apache-HttpClient/4.5.11 (Java/1.8.0_281)
{"username":"admin","password":"password123"}

13:03:24.283 response time in milliseconds: 672.45
1 < 200
1 < Connection: keep-alive
1 < Content-Length: 27
1 < Content-Type: application/json; charset=utf-8
1 < Date: Wed, 21 Apr 2021 18:03:25 GMT
1 < Etag: W/"1b-j/krr568z07cYIUqMFCjEt/ITFA"
1 < Server: Cowboy
1 < Via: 1.1 vegur
1 < X-Powered-By: Express
{
  "token": "ab72b56827ca6bc"
}


